{
  "0 debug pnpm:scope": {
    "selected": 1,
    "workspacePrefix": "/Users/graeme/src/turborepo-git-reproduction"
  },
  "1 error pnpm": {
    "code": "ELIFECYCLE",
    "errno": "ENOENT",
    "syscall": "spawn",
    "file": "sh",
    "pkgid": "web@1.0.0",
    "stage": "build",
    "script": "next build",
    "pkgname": "web",
    "err": {
      "name": "pnpm",
      "message": "web@1.0.0 build: `next build`\nspawn ENOENT",
      "code": "ELIFECYCLE",
      "stack": "pnpm: web@1.0.0 build: `next build`\nspawn ENOENT\n    at ChildProcess.<anonymous> (/Users/graeme/.asdf/installs/nodejs/16.12.0/.npm/lib/node_modules/pnpm/dist/pnpm.cjs:93294:22)\n    at ChildProcess.emit (node:events:390:28)\n    at maybeClose (node:internal/child_process:1064:16)\n    at Process.ChildProcess._handle.onexit (node:internal/child_process:301:5)"
    }
  }
}